<?xml version="1.0" encoding="UTF-8"?>
<!-- Generated by org.testng.reporters.JUnitXMLReporter -->
<testsuite hostname="sujoy-PC" ignored="0" name="Default test" tests="4" failures="0" timestamp="12 Aug 2018 02:18:32 GMT" time="114.321" errors="0">
  <testcase name="verifyContactPageTest" time="2.488" classname="com.crm.qa.testcases.ContactsPageTest"/>
  <testcase name="newContactEntryTest" time="8.832" classname="com.crm.qa.testcases.ContactsPageTest"/>
  <testcase name="newContactEntryTest" time="7.399" classname="com.crm.qa.testcases.ContactsPageTest"/>
  <testcase name="newContactEntryTest" time="7.031" classname="com.crm.qa.testcases.ContactsPageTest"/>
</testsuite> <!-- Default test -->
