<?xml version="1.0" encoding="UTF-8"?>
<testng-results skipped="0" failed="1" ignored="0" total="10" passed="9">
  <reporter-output>
  </reporter-output>
  <suite name="POM_Sample_Project" duration-ms="218453" started-at="2018-08-12T12:43:01Z" finished-at="2018-08-12T12:46:40Z">
    <groups>
    </groups>
    <test name="Free CRM Tests" duration-ms="218453" started-at="2018-08-12T12:43:01Z" finished-at="2018-08-12T12:46:40Z">
      <class name="com.crm.qa.testcases.HomePageTest">
        <test-method status="PASS" signature="setup()[pri:0, instance:com.crm.qa.testcases.HomePageTest@343f4d3d]" name="setup" is-config="true" duration-ms="21462" started-at="2018-08-12T18:13:17Z" finished-at="2018-08-12T18:13:38Z">
          <reporter-output>
          </reporter-output>
        </test-method> <!-- setup -->
        <test-method status="PASS" signature="verifyHomePageTest()[pri:1, instance:com.crm.qa.testcases.HomePageTest@343f4d3d]" name="verifyHomePageTest" duration-ms="253" started-at="2018-08-12T18:13:38Z" finished-at="2018-08-12T18:13:39Z">
          <reporter-output>
          </reporter-output>
        </test-method> <!-- verifyHomePageTest -->
        <test-method status="PASS" signature="teardown()[pri:0, instance:com.crm.qa.testcases.HomePageTest@343f4d3d]" name="teardown" is-config="true" duration-ms="867" started-at="2018-08-12T18:13:39Z" finished-at="2018-08-12T18:13:39Z">
          <reporter-output>
          </reporter-output>
        </test-method> <!-- teardown -->
        <test-method status="PASS" signature="setup()[pri:0, instance:com.crm.qa.testcases.HomePageTest@343f4d3d]" name="setup" is-config="true" duration-ms="19474" started-at="2018-08-12T18:14:20Z" finished-at="2018-08-12T18:14:40Z">
          <reporter-output>
          </reporter-output>
        </test-method> <!-- setup -->
        <test-method status="PASS" signature="verifyHomePageTitle()[pri:2, instance:com.crm.qa.testcases.HomePageTest@343f4d3d]" name="verifyHomePageTitle" duration-ms="21" started-at="2018-08-12T18:14:40Z" finished-at="2018-08-12T18:14:40Z">
          <reporter-output>
          </reporter-output>
        </test-method> <!-- verifyHomePageTitle -->
        <test-method status="PASS" signature="teardown()[pri:0, instance:com.crm.qa.testcases.HomePageTest@343f4d3d]" name="teardown" is-config="true" duration-ms="876" started-at="2018-08-12T18:14:40Z" finished-at="2018-08-12T18:14:41Z">
          <reporter-output>
          </reporter-output>
        </test-method> <!-- teardown -->
        <test-method status="PASS" signature="setup()[pri:0, instance:com.crm.qa.testcases.HomePageTest@343f4d3d]" name="setup" is-config="true" duration-ms="16394" started-at="2018-08-12T18:16:19Z" finished-at="2018-08-12T18:16:35Z">
          <reporter-output>
          </reporter-output>
        </test-method> <!-- setup -->
        <test-method status="PASS" signature="verifyContactTest()[pri:3, instance:com.crm.qa.testcases.HomePageTest@343f4d3d]" name="verifyContactTest" duration-ms="3566" started-at="2018-08-12T18:16:35Z" finished-at="2018-08-12T18:16:39Z">
          <reporter-output>
          </reporter-output>
        </test-method> <!-- verifyContactTest -->
        <test-method status="PASS" signature="teardown()[pri:0, instance:com.crm.qa.testcases.HomePageTest@343f4d3d]" name="teardown" is-config="true" duration-ms="1007" started-at="2018-08-12T18:16:39Z" finished-at="2018-08-12T18:16:40Z">
          <reporter-output>
          </reporter-output>
        </test-method> <!-- teardown -->
      </class> <!-- com.crm.qa.testcases.HomePageTest -->
      <class name="com.crm.qa.testcases.ContactsPageTest">
        <test-method status="PASS" signature="setup()[pri:0, instance:com.crm.qa.testcases.ContactsPageTest@53b32d7]" name="setup" is-config="true" duration-ms="20084" started-at="2018-08-12T18:13:39Z" finished-at="2018-08-12T18:14:00Z">
          <reporter-output>
          </reporter-output>
        </test-method> <!-- setup -->
        <test-method status="PASS" signature="verifyContactPageTest()[pri:1, instance:com.crm.qa.testcases.ContactsPageTest@53b32d7]" name="verifyContactPageTest" duration-ms="2292" started-at="2018-08-12T18:14:00Z" finished-at="2018-08-12T18:14:02Z">
          <reporter-output>
          </reporter-output>
        </test-method> <!-- verifyContactPageTest -->
        <test-method status="PASS" signature="teardown()[pri:0, instance:com.crm.qa.testcases.ContactsPageTest@53b32d7]" name="teardown" is-config="true" duration-ms="802" started-at="2018-08-12T18:14:02Z" finished-at="2018-08-12T18:14:03Z">
          <reporter-output>
          </reporter-output>
        </test-method> <!-- teardown -->
        <test-method status="PASS" signature="setup()[pri:0, instance:com.crm.qa.testcases.ContactsPageTest@53b32d7]" name="setup" is-config="true" duration-ms="18810" started-at="2018-08-12T18:14:44Z" finished-at="2018-08-12T18:15:03Z">
          <reporter-output>
          </reporter-output>
        </test-method> <!-- setup -->
        <test-method status="PASS" signature="newContactEntryTest(java.lang.String, java.lang.String, java.lang.String, java.lang.String)[pri:2, instance:com.crm.qa.testcases.ContactsPageTest@53b32d7]" name="newContactEntryTest" duration-ms="8834" started-at="2018-08-12T18:15:03Z" data-provider="getCRMtestData" finished-at="2018-08-12T18:15:12Z">
          <params>
            <param index="0">
              <value>
                <![CDATA[Mr.]]>
              </value>
            </param>
            <param index="1">
              <value>
                <![CDATA[Sujoy]]>
              </value>
            </param>
            <param index="2">
              <value>
                <![CDATA[Mandal]]>
              </value>
            </param>
            <param index="3">
              <value>
                <![CDATA[TCS]]>
              </value>
            </param>
          </params>
          <reporter-output>
          </reporter-output>
        </test-method> <!-- newContactEntryTest -->
        <test-method status="PASS" signature="teardown()[pri:0, instance:com.crm.qa.testcases.ContactsPageTest@53b32d7]" name="teardown" is-config="true" duration-ms="826" started-at="2018-08-12T18:15:12Z" finished-at="2018-08-12T18:15:13Z">
          <reporter-output>
          </reporter-output>
        </test-method> <!-- teardown -->
        <test-method status="PASS" signature="setup()[pri:0, instance:com.crm.qa.testcases.ContactsPageTest@53b32d7]" name="setup" is-config="true" duration-ms="17943" started-at="2018-08-12T18:15:13Z" finished-at="2018-08-12T18:15:31Z">
          <reporter-output>
          </reporter-output>
        </test-method> <!-- setup -->
        <test-method status="PASS" signature="newContactEntryTest(java.lang.String, java.lang.String, java.lang.String, java.lang.String)[pri:2, instance:com.crm.qa.testcases.ContactsPageTest@53b32d7]" name="newContactEntryTest" duration-ms="7876" started-at="2018-08-12T18:15:31Z" data-provider="getCRMtestData" finished-at="2018-08-12T18:15:39Z">
          <params>
            <param index="0">
              <value>
                <![CDATA[Mr.]]>
              </value>
            </param>
            <param index="1">
              <value>
                <![CDATA[Tom]]>
              </value>
            </param>
            <param index="2">
              <value>
                <![CDATA[Stanley]]>
              </value>
            </param>
            <param index="3">
              <value>
                <![CDATA[Amazon]]>
              </value>
            </param>
          </params>
          <reporter-output>
          </reporter-output>
        </test-method> <!-- newContactEntryTest -->
        <test-method status="PASS" signature="teardown()[pri:0, instance:com.crm.qa.testcases.ContactsPageTest@53b32d7]" name="teardown" is-config="true" duration-ms="785" started-at="2018-08-12T18:15:39Z" finished-at="2018-08-12T18:15:39Z">
          <reporter-output>
          </reporter-output>
        </test-method> <!-- teardown -->
        <test-method status="PASS" signature="setup()[pri:0, instance:com.crm.qa.testcases.ContactsPageTest@53b32d7]" name="setup" is-config="true" duration-ms="18590" started-at="2018-08-12T18:15:39Z" finished-at="2018-08-12T18:15:58Z">
          <reporter-output>
          </reporter-output>
        </test-method> <!-- setup -->
        <test-method status="PASS" signature="newContactEntryTest(java.lang.String, java.lang.String, java.lang.String, java.lang.String)[pri:2, instance:com.crm.qa.testcases.ContactsPageTest@53b32d7]" name="newContactEntryTest" duration-ms="7931" started-at="2018-08-12T18:15:58Z" data-provider="getCRMtestData" finished-at="2018-08-12T18:16:06Z">
          <params>
            <param index="0">
              <value>
                <![CDATA[Mrs.]]>
              </value>
            </param>
            <param index="1">
              <value>
                <![CDATA[Smita]]>
              </value>
            </param>
            <param index="2">
              <value>
                <![CDATA[Sanyal]]>
              </value>
            </param>
            <param index="3">
              <value>
                <![CDATA[CTS]]>
              </value>
            </param>
          </params>
          <reporter-output>
          </reporter-output>
        </test-method> <!-- newContactEntryTest -->
        <test-method status="PASS" signature="teardown()[pri:0, instance:com.crm.qa.testcases.ContactsPageTest@53b32d7]" name="teardown" is-config="true" duration-ms="771" started-at="2018-08-12T18:16:06Z" finished-at="2018-08-12T18:16:07Z">
          <reporter-output>
          </reporter-output>
        </test-method> <!-- teardown -->
      </class> <!-- com.crm.qa.testcases.ContactsPageTest -->
      <class name="com.crm.qa.testcases.LoginPageTest">
        <test-method status="PASS" signature="setUp()[pri:0, instance:com.crm.qa.testcases.LoginPageTest@57baeedf]" name="setUp" is-config="true" duration-ms="14662" started-at="2018-08-12T18:13:01Z" finished-at="2018-08-12T18:13:16Z">
          <reporter-output>
          </reporter-output>
        </test-method> <!-- setUp -->
        <test-method status="PASS" signature="titleTest()[pri:1, instance:com.crm.qa.testcases.LoginPageTest@57baeedf]" name="titleTest" duration-ms="61" started-at="2018-08-12T18:13:16Z" finished-at="2018-08-12T18:13:16Z">
          <reporter-output>
          </reporter-output>
        </test-method> <!-- titleTest -->
        <test-method status="PASS" signature="teardown()[pri:0, instance:com.crm.qa.testcases.LoginPageTest@57baeedf]" name="teardown" is-config="true" duration-ms="799" started-at="2018-08-12T18:13:16Z" finished-at="2018-08-12T18:13:17Z">
          <reporter-output>
          </reporter-output>
        </test-method> <!-- teardown -->
        <test-method status="PASS" signature="setUp()[pri:0, instance:com.crm.qa.testcases.LoginPageTest@57baeedf]" name="setUp" is-config="true" duration-ms="10997" started-at="2018-08-12T18:14:03Z" finished-at="2018-08-12T18:14:14Z">
          <reporter-output>
          </reporter-output>
        </test-method> <!-- setUp -->
        <test-method status="PASS" signature="loginTest()[pri:2, instance:com.crm.qa.testcases.LoginPageTest@57baeedf]" name="loginTest" duration-ms="5910" started-at="2018-08-12T18:14:14Z" finished-at="2018-08-12T18:14:20Z">
          <reporter-output>
          </reporter-output>
        </test-method> <!-- loginTest -->
        <test-method status="PASS" signature="teardown()[pri:0, instance:com.crm.qa.testcases.LoginPageTest@57baeedf]" name="teardown" is-config="true" duration-ms="908" started-at="2018-08-12T18:14:20Z" finished-at="2018-08-12T18:14:20Z">
          <reporter-output>
          </reporter-output>
        </test-method> <!-- teardown -->
        <test-method status="PASS" signature="setUp()[pri:0, instance:com.crm.qa.testcases.LoginPageTest@57baeedf]" name="setUp" is-config="true" duration-ms="10979" started-at="2018-08-12T18:16:07Z" finished-at="2018-08-12T18:16:18Z">
          <reporter-output>
          </reporter-output>
        </test-method> <!-- setUp -->
        <test-method status="FAIL" signature="signupButtonTest()[pri:3, instance:com.crm.qa.testcases.LoginPageTest@57baeedf]" name="signupButtonTest" duration-ms="317" started-at="2018-08-12T18:16:18Z" finished-at="2018-08-12T18:16:18Z">
          <exception class="org.openqa.selenium.WebDriverException">
            <message>
              <![CDATA[unknown error: Element <a href="https://www.freecrm.com/register/">...</a> is not clickable at point (899, 45). Other element would receive the click: <div id="preloader">...</div>
  (Session info: chrome=68.0.3440.106)
  (Driver info: chromedriver=2.40.565498 (ea082db3280dd6843ebfb08a625e3eb905c4f5ab),platform=Windows NT 6.1.7600 x86_64) (WARNING: The server did not provide any stacktrace information)
Command duration or timeout: 0 milliseconds
Build info: version: '3.5.3', revision: 'a88d25fe6b', time: '2017-08-29T12:42:44.417Z'
System info: host: 'SUJOY-PC', ip: '192.168.0.100', os.name: 'Windows 7', os.arch: 'amd64', os.version: '6.1', java.version: '1.8.0_131'
Driver info: org.openqa.selenium.chrome.ChromeDriver
Capabilities [{mobileEmulationEnabled=false, hasTouchScreen=false, platform=XP, acceptSslCerts=false, acceptInsecureCerts=false, webStorageEnabled=true, browserName=chrome, takesScreenshot=true, javascriptEnabled=true, platformName=XP, setWindowRect=true, unexpectedAlertBehaviour=, applicationCacheEnabled=false, rotatable=false, networkConnectionEnabled=false, chrome={chromedriverVersion=2.40.565498 (ea082db3280dd6843ebfb08a625e3eb905c4f5ab), userDataDir=C:\Users\sujoy\AppData\Local\Temp\scoped_dir1100_29098}, takesHeapSnapshot=true, pageLoadStrategy=normal, unhandledPromptBehavior=, databaseEnabled=false, handlesAlerts=true, version=68.0.3440.106, browserConnectionEnabled=false, nativeEvents=true, locationContextEnabled=true, cssSelectorsEnabled=true}]
Session ID: f5a4ec8d58d613b3c60b3e02a729b13b]]>
            </message>
            <full-stacktrace>
              <![CDATA[org.openqa.selenium.WebDriverException: unknown error: Element <a href="https://www.freecrm.com/register/">...</a> is not clickable at point (899, 45). Other element would receive the click: <div id="preloader">...</div>
  (Session info: chrome=68.0.3440.106)
  (Driver info: chromedriver=2.40.565498 (ea082db3280dd6843ebfb08a625e3eb905c4f5ab),platform=Windows NT 6.1.7600 x86_64) (WARNING: The server did not provide any stacktrace information)
Command duration or timeout: 0 milliseconds
Build info: version: '3.5.3', revision: 'a88d25fe6b', time: '2017-08-29T12:42:44.417Z'
System info: host: 'SUJOY-PC', ip: '192.168.0.100', os.name: 'Windows 7', os.arch: 'amd64', os.version: '6.1', java.version: '1.8.0_131'
Driver info: org.openqa.selenium.chrome.ChromeDriver
Capabilities [{mobileEmulationEnabled=false, hasTouchScreen=false, platform=XP, acceptSslCerts=false, acceptInsecureCerts=false, webStorageEnabled=true, browserName=chrome, takesScreenshot=true, javascriptEnabled=true, platformName=XP, setWindowRect=true, unexpectedAlertBehaviour=, applicationCacheEnabled=false, rotatable=false, networkConnectionEnabled=false, chrome={chromedriverVersion=2.40.565498 (ea082db3280dd6843ebfb08a625e3eb905c4f5ab), userDataDir=C:\Users\sujoy\AppData\Local\Temp\scoped_dir1100_29098}, takesHeapSnapshot=true, pageLoadStrategy=normal, unhandledPromptBehavior=, databaseEnabled=false, handlesAlerts=true, version=68.0.3440.106, browserConnectionEnabled=false, nativeEvents=true, locationContextEnabled=true, cssSelectorsEnabled=true}]
Session ID: f5a4ec8d58d613b3c60b3e02a729b13b
	at sun.reflect.NativeConstructorAccessorImpl.newInstance0(Native Method)
	at sun.reflect.NativeConstructorAccessorImpl.newInstance(Unknown Source)
	at sun.reflect.DelegatingConstructorAccessorImpl.newInstance(Unknown Source)
	at java.lang.reflect.Constructor.newInstance(Unknown Source)
	at org.openqa.selenium.remote.ErrorHandler.createThrowable(ErrorHandler.java:215)
	at org.openqa.selenium.remote.ErrorHandler.throwIfResponseFailed(ErrorHandler.java:167)
	at org.openqa.selenium.remote.http.JsonHttpResponseCodec.reconstructValue(JsonHttpResponseCodec.java:40)
	at org.openqa.selenium.remote.http.AbstractHttpResponseCodec.decode(AbstractHttpResponseCodec.java:82)
	at org.openqa.selenium.remote.http.AbstractHttpResponseCodec.decode(AbstractHttpResponseCodec.java:45)
	at org.openqa.selenium.remote.HttpCommandExecutor.execute(HttpCommandExecutor.java:164)
	at org.openqa.selenium.remote.service.DriverCommandExecutor.execute(DriverCommandExecutor.java:82)
	at org.openqa.selenium.remote.RemoteWebDriver.execute(RemoteWebDriver.java:646)
	at org.openqa.selenium.remote.RemoteWebElement.execute(RemoteWebElement.java:275)
	at org.openqa.selenium.remote.RemoteWebElement.click(RemoteWebElement.java:82)
	at sun.reflect.NativeMethodAccessorImpl.invoke0(Native Method)
	at sun.reflect.NativeMethodAccessorImpl.invoke(Unknown Source)
	at sun.reflect.DelegatingMethodAccessorImpl.invoke(Unknown Source)
	at java.lang.reflect.Method.invoke(Unknown Source)
	at org.openqa.selenium.support.pagefactory.internal.LocatingElementHandler.invoke(LocatingElementHandler.java:51)
	at com.sun.proxy.$Proxy10.click(Unknown Source)
	at com.crm.qa.pages.LoginPage.signupButton(LoginPage.java:41)
	at com.crm.qa.testcases.LoginPageTest.signupButtonTest(LoginPageTest.java:43)
	at sun.reflect.NativeMethodAccessorImpl.invoke0(Native Method)
	at sun.reflect.NativeMethodAccessorImpl.invoke(Unknown Source)
	at sun.reflect.DelegatingMethodAccessorImpl.invoke(Unknown Source)
	at java.lang.reflect.Method.invoke(Unknown Source)
	at org.testng.internal.MethodInvocationHelper.invokeMethod(MethodInvocationHelper.java:108)
	at org.testng.internal.Invoker.invokeMethod(Invoker.java:661)
	at org.testng.internal.Invoker.invokeTestMethod(Invoker.java:869)
	at org.testng.internal.Invoker.invokeTestMethods(Invoker.java:1193)
	at org.testng.internal.TestMethodWorker.invokeTestMethods(TestMethodWorker.java:126)
	at org.testng.internal.TestMethodWorker.run(TestMethodWorker.java:109)
	at org.testng.TestRunner.privateRun(TestRunner.java:744)
	at org.testng.TestRunner.run(TestRunner.java:602)
	at org.testng.SuiteRunner.runTest(SuiteRunner.java:380)
	at org.testng.SuiteRunner.runSequentially(SuiteRunner.java:375)
	at org.testng.SuiteRunner.privateRun(SuiteRunner.java:340)
	at org.testng.SuiteRunner.run(SuiteRunner.java:289)
	at org.testng.SuiteRunnerWorker.runSuite(SuiteRunnerWorker.java:52)
	at org.testng.SuiteRunnerWorker.run(SuiteRunnerWorker.java:86)
	at org.testng.TestNG.runSuitesSequentially(TestNG.java:1301)
	at org.testng.TestNG.runSuitesLocally(TestNG.java:1226)
	at org.testng.TestNG.runSuites(TestNG.java:1144)
	at org.testng.TestNG.run(TestNG.java:1115)
	at org.testng.remote.AbstractRemoteTestNG.run(AbstractRemoteTestNG.java:114)
	at org.testng.remote.RemoteTestNG.initAndRun(RemoteTestNG.java:251)
	at org.testng.remote.RemoteTestNG.main(RemoteTestNG.java:77)
]]>
            </full-stacktrace>
          </exception> <!-- org.openqa.selenium.WebDriverException -->
          <reporter-output>
          </reporter-output>
        </test-method> <!-- signupButtonTest -->
        <test-method status="PASS" signature="teardown()[pri:0, instance:com.crm.qa.testcases.LoginPageTest@57baeedf]" name="teardown" is-config="true" duration-ms="816" started-at="2018-08-12T18:16:18Z" finished-at="2018-08-12T18:16:19Z">
          <reporter-output>
          </reporter-output>
        </test-method> <!-- teardown -->
      </class> <!-- com.crm.qa.testcases.LoginPageTest -->
    </test> <!-- Free CRM Tests -->
  </suite> <!-- POM_Sample_Project -->
</testng-results>
